<?xml version="1.0" encoding="UTF-8"?>
<!-- Generated by org.testng.reporters.JUnitReportReporter -->
<testsuite skipped="0" hostname="Jeys-MBP.home" name="TestNGConcepts.ExpectedExceptionConcept" tests="1" failures="0" timestamp="2020-10-03T16:56:40 EDT" time="0.067" errors="0">
  <testcase name="divTest" time="0.067" classname="TestNGConcepts.ExpectedExceptionConcept"/>
</testsuite> <!-- TestNGConcepts.ExpectedExceptionConcept -->
