<?xml version="1.0" encoding="UTF-8"?>
<!-- Generated by org.testng.reporters.JUnitReportReporter -->
<testsuite skipped="0" hostname="Jeys-MBP.home" name="Seleniums_Forever.AmazonDropDown" tests="1" failures="0" timestamp="2020-10-29T21:45:22 EDT" time="3.616" errors="0">
  <testcase name="amazonTest" time="3.616" classname="Seleniums_Forever.AmazonDropDown"/>
</testsuite> <!-- Seleniums_Forever.AmazonDropDown -->
